TN:
SF:app\fileAccess.js
FN:9,(anonymous_0)
FN:23,(anonymous_1)
FN:35,(anonymous_2)
FN:44,(anonymous_3)
FN:53,(anonymous_4)
FNF:5
FNH:5
FNDA:1,(anonymous_0)
FNDA:1,(anonymous_1)
FNDA:5,(anonymous_2)
FNDA:6,(anonymous_3)
FNDA:2,(anonymous_4)
DA:1,1
DA:2,1
DA:3,1
DA:10,1
DA:12,1
DA:13,0
DA:15,1
DA:24,1
DA:25,0
DA:36,5
DA:45,6
DA:54,2
DA:58,1
LF:13
LH:11
BRDA:12,0,0,0
BRDA:12,0,1,1
BRDA:24,1,0,0
BRDA:24,1,1,1
BRF:4
BRH:2
end_of_record
TN:
SF:app\googleCloudStorage.js
FN:10,(anonymous_0)
FN:21,(anonymous_1)
FN:40,(anonymous_2)
FN:62,(anonymous_3)
FN:82,(anonymous_4)
FN:94,(anonymous_5)
FN:121,(anonymous_6)
FN:149,(anonymous_7)
FN:175,(anonymous_8)
FNF:9
FNH:0
FNDA:0,(anonymous_0)
FNDA:0,(anonymous_1)
FNDA:0,(anonymous_2)
FNDA:0,(anonymous_3)
FNDA:0,(anonymous_4)
FNDA:0,(anonymous_5)
FNDA:0,(anonymous_6)
FNDA:0,(anonymous_7)
FNDA:0,(anonymous_8)
DA:1,1
DA:2,1
DA:3,1
DA:11,0
DA:12,0
DA:13,0
DA:14,0
DA:22,0
DA:23,0
DA:24,0
DA:25,0
DA:26,0
DA:27,0
DA:29,0
DA:30,0
DA:41,0
DA:42,0
DA:43,0
DA:44,0
DA:47,0
DA:48,0
DA:63,0
DA:64,0
DA:71,0
DA:72,0
DA:83,0
DA:84,0
DA:85,0
DA:95,0
DA:96,0
DA:97,0
DA:98,0
DA:103,0
DA:104,0
DA:108,0
DA:110,0
DA:111,0
DA:122,0
DA:123,0
DA:124,0
DA:125,0
DA:128,0
DA:132,0
DA:133,0
DA:135,0
DA:138,0
DA:139,0
DA:150,0
DA:151,0
DA:153,0
DA:154,0
DA:158,0
DA:160,0
DA:162,0
DA:165,0
DA:166,0
DA:176,0
DA:178,0
DA:179,0
DA:181,0
DA:185,1
LF:61
LH:4
BRDA:43,0,0,0
BRDA:43,0,1,0
BRDA:68,1,0,0
BRDA:68,1,1,0
BRDA:123,2,0,0
BRDA:123,2,1,0
BRDA:124,3,0,0
BRDA:124,3,1,0
BRDA:132,4,0,0
BRDA:132,4,1,0
BRDA:151,5,0,0
BRDA:151,5,1,0
BRDA:153,6,0,0
BRDA:153,6,1,0
BRDA:175,7,0,0
BRDA:178,8,0,0
BRDA:178,8,1,0
BRDA:178,9,0,0
BRDA:178,9,1,0
BRF:19
BRH:0
end_of_record
TN:
SF:app\index.js
FN:23,(anonymous_0)
FN:35,(anonymous_1)
FN:47,(anonymous_2)
FN:59,(anonymous_3)
FN:69,(anonymous_4)
FNF:5
FNH:5
FNDA:1,(anonymous_0)
FNDA:5,(anonymous_1)
FNDA:6,(anonymous_2)
FNDA:2,(anonymous_3)
FNDA:1,(anonymous_4)
DA:1,1
DA:2,1
DA:3,1
DA:4,1
DA:5,1
DA:6,1
DA:7,1
DA:9,1
DA:10,1
DA:11,1
DA:12,1
DA:13,1
DA:18,1
DA:19,1
DA:21,1
DA:23,1
DA:24,1
DA:25,1
DA:26,1
DA:28,0
DA:29,0
DA:33,1
DA:35,1
DA:36,5
DA:37,5
DA:38,5
DA:39,5
DA:43,5
DA:47,1
DA:48,6
DA:49,6
DA:50,6
DA:51,5
DA:52,5
DA:54,1
DA:59,1
DA:60,2
DA:61,2
DA:62,2
DA:63,1
DA:65,1
DA:69,1
DA:70,1
DA:73,1
LF:44
LH:42
BRDA:10,0,0,1
BRDA:10,0,1,0
BRDA:19,1,0,1
BRDA:19,1,1,0
BRDA:50,2,0,5
BRDA:50,2,1,1
BRDA:62,3,0,1
BRDA:62,3,1,1
BRF:8
BRH:6
end_of_record
TN:
SF:app\localFileStorage.js
FN:13,(anonymous_0)
FN:24,(anonymous_1)
FN:28,(anonymous_2)
FN:34,(anonymous_3)
FN:47,(anonymous_4)
FN:68,(anonymous_5)
FN:93,(anonymous_6)
FN:114,(anonymous_7)
FN:126,(anonymous_8)
FN:127,(anonymous_9)
FN:134,(anonymous_10)
FNF:11
FNH:9
FNDA:3,(anonymous_0)
FNDA:11,(anonymous_1)
FNDA:0,(anonymous_2)
FNDA:11,(anonymous_3)
FNDA:11,(anonymous_4)
FNDA:9,(anonymous_5)
FNDA:4,(anonymous_6)
FNDA:19,(anonymous_7)
FNDA:3,(anonymous_8)
FNDA:0,(anonymous_9)
FNDA:1,(anonymous_10)
DA:1,2
DA:2,2
DA:3,2
DA:4,2
DA:5,2
DA:6,2
DA:14,3
DA:15,3
DA:16,3
DA:25,11
DA:26,11
DA:28,0
DA:29,0
DA:35,11
DA:36,11
DA:37,11
DA:48,11
DA:50,11
DA:52,11
DA:54,11
DA:57,11
DA:58,11
DA:60,11
DA:69,9
DA:70,9
DA:71,9
DA:72,6
DA:75,6
DA:76,6
DA:78,6
DA:80,3
DA:83,0
DA:84,0
DA:94,4
DA:95,4
DA:96,4
DA:97,2
DA:98,2
DA:99,2
DA:101,2
DA:104,0
DA:115,19
DA:117,19
DA:118,12
DA:120,7
DA:127,3
DA:128,0
DA:135,1
DA:136,1
DA:138,1
DA:139,1
DA:140,2
DA:143,1
DA:144,1
DA:145,1
DA:149,1
DA:154,2
LF:57
LH:51
BRDA:13,0,0,3
BRDA:71,1,0,6
BRDA:71,1,1,3
BRDA:96,2,0,2
BRDA:96,2,1,2
BRDA:114,3,0,13
BRDA:117,4,0,12
BRDA:117,4,1,7
BRDA:117,5,0,19
BRDA:117,5,1,12
BRDA:143,6,0,1
BRDA:143,6,1,0
BRF:12
BRH:11
end_of_record
TN:
SF:app\middlewares\index.js
FN:16,(anonymous_0)
FNF:1
FNH:1
FNDA:2,(anonymous_0)
DA:1,1
DA:2,1
DA:4,1
DA:9,1
DA:11,1
DA:17,2
DA:22,1
DA:27,1
DA:32,1
LF:9
LH:9
BRDA:24,0,0,1
BRDA:24,0,1,0
BRDA:29,1,0,1
BRDA:29,1,1,0
BRF:4
BRH:2
end_of_record
